<?xml version="1.0" encoding="UTF-8"?>
<!-- Generated by org.testng.reporters.JUnitReportReporter -->
<testsuite hostname="MSI" failures="0" tests="1" name="pages.error" time="2.501" errors="0" timestamp="2024-02-10T10:36:54 IST" skipped="0">
  <testcase classname="pages.error" name="test1" time="2.501"/>
  <system-out/>
</testsuite> <!-- pages.error -->
