<?xml version="1.0" encoding="UTF-8"?>
<!-- Generated by org.testng.reporters.JUnitReportReporter -->
<testsuite hostname="MSI" failures="0" tests="1" name="pages.LoginTest" time="6.398" errors="0" timestamp="2024-02-12T14:24:20 IST" skipped="0">
  <testcase classname="pages.LoginTest" name="testLoginSuccess" time="6.398"/>
  <system-out/>
</testsuite> <!-- pages.LoginTest -->
