<?xml version="1.0" encoding="UTF-8"?>
<!-- Generated by org.testng.reporters.JUnitReportReporter -->
<testsuite hostname="MSI" failures="0" tests="1" name="pages.error" time="2.455" errors="0" timestamp="2024-02-12T14:02:05 IST" skipped="0">
  <testcase classname="pages.error" name="test1" time="2.455"/>
  <system-out/>
</testsuite> <!-- pages.error -->
