<?xml version="1.0" encoding="UTF-8"?>
<!-- Generated by org.testng.reporters.JUnitReportReporter -->
<testsuite hostname="MSI" failures="0" tests="1" name="pages.LoginTest" time="2.186" errors="0" timestamp="2024-02-09T09:10:53 IST" skipped="0">
  <testcase classname="pages.LoginTest" name="testLoginSuccess" time="2.186"/>
  <system-out/>
</testsuite> <!-- pages.LoginTest -->
