<?xml version="1.0" encoding="UTF-8"?>
<!-- Generated by org.testng.reporters.JUnitReportReporter -->
<testsuite hostname="MSI" failures="0" tests="3" name="utilities.ExcelUtility" time="4.814" errors="0" timestamp="2024-02-09T09:19:48 IST" skipped="0">
  <testcase classname="utilities.ExcelUtility" name="testLogin" time="2.082"/>
  <system-out/>
  <testcase classname="utilities.ExcelUtility" name="testLogin" time="0.598"/>
  <system-out/>
  <testcase classname="utilities.ExcelUtility" name="testLogin" time="2.134"/>
  <system-out/>
</testsuite> <!-- utilities.ExcelUtility -->
